<?xml version="1.0" encoding="UTF-8"?>
<testng-results skipped="0" failed="0" ignored="0" total="1" passed="1">
  <reporter-output>
  </reporter-output>
  <suite name="Default suite" duration-ms="15504" started-at="2020-07-07T17:54:40 EDT" finished-at="2020-07-07T17:54:55 EDT">
    <groups>
    </groups>
    <test name="Default test" duration-ms="15504" started-at="2020-07-07T17:54:40 EDT" finished-at="2020-07-07T17:54:55 EDT">
      <class name="com.richa.testcases.LoginTest">
        <test-method status="PASS" signature="setup()[pri:0, instance:com.richa.testcases.LoginTest@3dfc5fb8]" name="setup" is-config="true" duration-ms="13514" started-at="2020-07-07T17:54:40 EDT" finished-at="2020-07-07T17:54:53 EDT">
          <reporter-output>
          </reporter-output>
        </test-method> <!-- setup -->
        <test-method status="PASS" signature="verifyLogin()[pri:0, instance:com.richa.testcases.LoginTest@3dfc5fb8]" name="verifyLogin" duration-ms="1939" started-at="2020-07-07T17:54:53 EDT" finished-at="2020-07-07T17:54:55 EDT">
          <reporter-output>
          </reporter-output>
        </test-method> <!-- verifyLogin -->
      </class> <!-- com.richa.testcases.LoginTest -->
    </test> <!-- Default test -->
  </suite> <!-- Default suite -->
</testng-results>
